SlidingMeunLibrary/build/intermediates/manifest_merge_blame_file/debug/manifest-merger-blame-debug-report.txt
1<?xml version="1.0" encoding="utf-8"?>
2<manifest xmlns:android="http://schemas.android.com/apk/res/android"
3    package="com.jeremyfeinstein.slidingmenu.lib"
4    android:versionCode="1"
5    android:versionName="1.0" >
6
7    <uses-sdk
7-->JiuZhu\SlidingMeunLibrary\AndroidManifest.xml:7:5-8:41
8        android:minSdkVersion="7"
8-->JiuZhu\SlidingMeunLibrary\AndroidManifest.xml:7:5-8:41
9        android:targetSdkVersion="16" />
9-->JiuZhu\SlidingMeunLibrary\AndroidManifest.xml:8:9-38
10
11</manifest>